<?xml version="1.0" encoding="utf-8"?><testsuites name="pytest tests"><testsuite name="pytest" errors="0" failures="0" skipped="0" tests="17" time="12.125" timestamp="2026-05-07T04:18:06.153804+00:00" hostname="agent-env-992720ec-5bad-48bc-b25c-76d7a8427f75"><testcase classname="backend.tests.test_mixpost_api" name="test_health_root" time="0.211" /><testcase classname="backend.tests.test_mixpost_api.TestAuth" name="test_login_admin" time="0.385" /><testcase classname="backend.tests.test_mixpost_api.TestAuth" name="test_me_without_cookie" time="0.097" /><testcase classname="backend.tests.test_mixpost_api.TestAuth" name="test_login_wrong_password" time="0.342" /><testcase classname="backend.tests.test_mixpost_api.TestAuth" name="test_register_new_user_creates_workspace" time="0.417" /><testcase classname="backend.tests.test_mixpost_api.TestAuth" name="test_refresh_rotates_access" time="1.044" /><testcase classname="backend.tests.test_mixpost_api.TestAuth" name="test_logout_clears_cookies" time="0.515" /><testcase classname="backend.tests.test_mixpost_api.TestAuth" name="test_emergent_session_bogus" time="0.215" /><testcase classname="backend.tests.test_mixpost_api.TestAuth" name="test_forgot_password_ok" time="0.105" /><testcase classname="backend.tests.test_mixpost_api.TestAuth" name="test_reset_password_invalid_token" time="0.104" /><testcase classname="backend.tests.test_mixpost_api" name="test_brute_force_lockout" time="3.476" /><testcase classname="backend.tests.test_mixpost_api.TestWorkspaces" name="test_list_create_activate_delete" time="0.183" /><testcase classname="backend.tests.test_mixpost_api.TestSocialAccounts" name="test_connect_list_disconnect" time="0.505" /><testcase classname="backend.tests.test_mixpost_api.TestPosts" name="test_full_post_lifecycle" time="0.418" /><testcase classname="backend.tests.test_mixpost_api.TestCalendar" name="test_calendar_window" time="0.047" /><testcase classname="backend.tests.test_mixpost_api.TestAnalytics" name="test_analytics_summary" time="0.046" /><testcase classname="backend.tests.test_mixpost_api.TestAI" name="test_ai_suggest" time="3.916" /></testsuite></testsuites>